Attaching SeuratObject

Attaching package: ‘dplyr’

The following objects are masked from ‘package:stats’:

    filter, lag

The following objects are masked from ‘package:base’:

    intersect, setdiff, setequal, union


Attaching package: ‘psych’

The following objects are masked from ‘package:ggplot2’:

    %+%, alpha

Loading required package: Rcpp

DOSE v3.18.0  For help: https://guangchuangyu.github.io/software/DOSE

If you use DOSE in published research, please cite:
Guangchuang Yu, Li-Gen Wang, Guang-Rong Yan, Qing-Yu He. DOSE: an R/Bioconductor package for Disease Ontology Semantic and Enrichment analysis. Bioinformatics 2015, 31(4):608-609

GOSemSim v2.18.0  For help: https://guangchuangyu.github.io/GOSemSim

If you use GOSemSim in published research, please cite:
[36m-[39m Guangchuang Yu. Gene Ontology Semantic Similarity Analysis Using GOSemSim. In: Kidder B. (eds) Stem Cell Transcriptional Networks. Methods in Molecular Biology, 2020, 2117:207-215. Humana, New York, NY. doi:10.1007/978-1-0716-0301-7_11
[36m-[39m Guangchuang Yu, Fei Li, Yide Qin, Xiaochen Bo, Yibo Wu, Shengqi Wang. GOSemSim: an R package for measuring semantic similarity among GO terms and gene products Bioinformatics 2010, 26(7):976-978. doi:10.1093/bioinformatics/btq064



Attaching package: ‘GOSemSim’

The following objects are masked from ‘package:DOSE’:

    clusterSim, geneSim, mclusterSim

Warning message:
In dir.create("Files") : 'Files' already exists
Warning message:
In dir.create("Figures") : 'Figures' already exists
slurmstepd: error: *** JOB 43244408 ON compute-h-17-47 CANCELLED AT 2021-10-28T16:53:45 ***
